2018-06-30 06:55:11,808 [Worker-1] INFO  c.g.t.t.d.PublishedGradleVersions - Gradle version information cache is up-to-date. Trying to read.
2018-06-30 06:57:50,323 [Worker-20] INFO  o.e.m.c.i.l.LifecycleMappingFactory - Using org.maven.ide.eclipse.wtp.WarLifecycleMapping lifecycle mapping for MavenProject: postodo.aacii:net:1.0.0-BUILD-SNAPSHOT @ D:\forGit\AACII\AACII2018\pom.xml.
2018-06-30 06:57:50,838 [Worker-20] WARN  o.e.m.c.i.embedder.EclipseLogger - The artifact aspectj:aspectjweaver:jar:1.5.4 has been relocated to org.aspectj:aspectjweaver:jar:1.5.4
2018-06-30 06:57:56,792 [Worker-20] WARN  o.e.m.c.i.embedder.EclipseLogger - The artifact aspectj:aspectjweaver:jar:1.5.4 has been relocated to org.aspectj:aspectjweaver:jar:1.5.4
2018-06-30 06:57:59,561 [Worker-22] WARN  o.e.m.c.i.embedder.EclipseLogger - The artifact aspectj:aspectjweaver:jar:1.5.4 has been relocated to org.aspectj:aspectjweaver:jar:1.5.4
2018-06-30 06:58:04,164 [Worker-2] WARN  o.e.m.c.i.embedder.EclipseLogger - Using platform encoding (MS949 actually) to copy filtered resources, i.e. build is platform dependent!
2018-06-30 06:58:04,172 [Worker-2] INFO  o.e.m.c.i.embedder.EclipseLogger - Copying 4 resources
2018-06-30 06:58:04,224 [Worker-2] WARN  o.e.m.c.i.embedder.EclipseLogger - Using platform encoding (MS949 actually) to copy filtered resources, i.e. build is platform dependent!
2018-06-30 06:58:04,226 [Worker-2] INFO  o.e.m.c.i.embedder.EclipseLogger - Copying 1 resource
2018-06-30 07:00:38,191 [Worker-27] INFO  o.e.m.c.i.l.LifecycleMappingFactory - Using org.maven.ide.eclipse.wtp.WarLifecycleMapping lifecycle mapping for MavenProject: postodo.aacii:net:1.0.0-BUILD-SNAPSHOT @ D:\forGit\Study\BoardProject\BoardProject\pom.xml.
2018-06-30 07:00:38,481 [Worker-27] WARN  o.e.m.c.i.embedder.EclipseLogger - The artifact aspectj:aspectjweaver:jar:1.5.4 has been relocated to org.aspectj:aspectjweaver:jar:1.5.4
2018-06-30 07:00:38,787 [Worker-27] WARN  o.e.m.c.i.embedder.EclipseLogger - The artifact aspectj:aspectjweaver:jar:1.5.4 has been relocated to org.aspectj:aspectjweaver:jar:1.5.4
2018-06-30 07:00:40,647 [Worker-27] WARN  o.e.m.c.i.embedder.EclipseLogger - Using platform encoding (MS949 actually) to copy filtered resources, i.e. build is platform dependent!
2018-06-30 07:00:40,651 [Worker-27] INFO  o.e.m.c.i.embedder.EclipseLogger - Copying 4 resources
2018-06-30 07:00:40,918 [Worker-27] WARN  o.e.m.c.i.embedder.EclipseLogger - Using platform encoding (MS949 actually) to copy filtered resources, i.e. build is platform dependent!
2018-06-30 07:00:40,921 [Worker-27] INFO  o.e.m.c.i.embedder.EclipseLogger - Copying 1 resource
2018-06-30 07:00:42,064 [Worker-20] WARN  o.e.m.c.i.embedder.EclipseLogger - The artifact aspectj:aspectjweaver:jar:1.5.4 has been relocated to org.aspectj:aspectjweaver:jar:1.5.4
2018-06-30 07:00:42,144 [Worker-20] WARN  o.e.m.c.i.embedder.EclipseLogger - Using platform encoding (MS949 actually) to copy filtered resources, i.e. build is platform dependent!
2018-06-30 07:00:42,146 [Worker-20] INFO  o.e.m.c.i.embedder.EclipseLogger - Copying 4 resources
2018-06-30 07:00:42,229 [Worker-20] WARN  o.e.m.c.i.embedder.EclipseLogger - Using platform encoding (MS949 actually) to copy filtered resources, i.e. build is platform dependent!
2018-06-30 07:00:42,233 [Worker-20] INFO  o.e.m.c.i.embedder.EclipseLogger - Copying 1 resource
2018-06-30 07:00:42,824 [Worker-26] WARN  o.e.m.c.i.embedder.EclipseLogger - Using platform encoding (MS949 actually) to copy filtered resources, i.e. build is platform dependent!
2018-06-30 07:00:42,826 [Worker-26] INFO  o.e.m.c.i.embedder.EclipseLogger - Copying 4 resources
2018-06-30 07:00:42,862 [Worker-26] WARN  o.e.m.c.i.embedder.EclipseLogger - Using platform encoding (MS949 actually) to copy filtered resources, i.e. build is platform dependent!
2018-06-30 07:00:42,864 [Worker-26] INFO  o.e.m.c.i.embedder.EclipseLogger - Copying 1 resource
2018-06-30 07:00:43,676 [Worker-17] WARN  o.e.m.c.i.embedder.EclipseLogger - Using platform encoding (MS949 actually) to copy filtered resources, i.e. build is platform dependent!
2018-06-30 07:00:43,679 [Worker-17] INFO  o.e.m.c.i.embedder.EclipseLogger - Copying 4 resources
2018-06-30 07:00:43,759 [Worker-17] WARN  o.e.m.c.i.embedder.EclipseLogger - Using platform encoding (MS949 actually) to copy filtered resources, i.e. build is platform dependent!
2018-06-30 07:00:43,762 [Worker-17] INFO  o.e.m.c.i.embedder.EclipseLogger - Copying 1 resource
2018-06-30 07:00:44,615 [Worker-21] WARN  o.e.m.c.i.embedder.EclipseLogger - Using platform encoding (MS949 actually) to copy filtered resources, i.e. build is platform dependent!
2018-06-30 07:00:44,618 [Worker-21] INFO  o.e.m.c.i.embedder.EclipseLogger - Copying 4 resources
2018-06-30 07:00:44,653 [Worker-21] WARN  o.e.m.c.i.embedder.EclipseLogger - Using platform encoding (MS949 actually) to copy filtered resources, i.e. build is platform dependent!
2018-06-30 07:00:44,655 [Worker-21] INFO  o.e.m.c.i.embedder.EclipseLogger - Copying 1 resource
2018-06-30 07:00:45,054 [Worker-29] WARN  o.e.m.c.i.embedder.EclipseLogger - Using platform encoding (MS949 actually) to copy filtered resources, i.e. build is platform dependent!
2018-06-30 07:00:45,055 [Worker-29] INFO  o.e.m.c.i.embedder.EclipseLogger - Copying 4 resources
2018-06-30 07:00:45,079 [Worker-29] WARN  o.e.m.c.i.embedder.EclipseLogger - Using platform encoding (MS949 actually) to copy filtered resources, i.e. build is platform dependent!
2018-06-30 07:00:45,081 [Worker-29] INFO  o.e.m.c.i.embedder.EclipseLogger - Copying 1 resource
2018-06-30 07:00:45,419 [Worker-23] WARN  o.e.m.c.i.embedder.EclipseLogger - Using platform encoding (MS949 actually) to copy filtered resources, i.e. build is platform dependent!
2018-06-30 07:00:45,422 [Worker-23] INFO  o.e.m.c.i.embedder.EclipseLogger - Copying 4 resources
2018-06-30 07:00:45,465 [Worker-23] WARN  o.e.m.c.i.embedder.EclipseLogger - Using platform encoding (MS949 actually) to copy filtered resources, i.e. build is platform dependent!
2018-06-30 07:00:45,467 [Worker-23] INFO  o.e.m.c.i.embedder.EclipseLogger - Copying 1 resource
2018-06-30 07:00:47,018 [Worker-26] WARN  o.e.m.c.i.embedder.EclipseLogger - Using platform encoding (MS949 actually) to copy filtered resources, i.e. build is platform dependent!
2018-06-30 07:00:47,021 [Worker-26] INFO  o.e.m.c.i.embedder.EclipseLogger - Copying 4 resources
2018-06-30 07:00:47,072 [Worker-26] WARN  o.e.m.c.i.embedder.EclipseLogger - Using platform encoding (MS949 actually) to copy filtered resources, i.e. build is platform dependent!
2018-06-30 07:00:47,074 [Worker-26] INFO  o.e.m.c.i.embedder.EclipseLogger - Copying 1 resource
2018-06-30 07:02:15,954 [Worker-25] WARN  o.e.m.c.i.embedder.EclipseLogger - Using platform encoding (MS949 actually) to copy filtered resources, i.e. build is platform dependent!
2018-06-30 07:02:15,979 [Worker-25] INFO  o.e.m.c.i.embedder.EclipseLogger - Copying 0 resource
2018-06-30 07:02:15,982 [Worker-25] WARN  o.e.m.c.i.embedder.EclipseLogger - Using platform encoding (MS949 actually) to copy filtered resources, i.e. build is platform dependent!
2018-06-30 07:02:15,983 [Worker-25] INFO  o.e.m.c.i.embedder.EclipseLogger - Copying 0 resource
2018-07-14 19:00:35,173 [Worker-4] INFO  c.g.t.t.d.PublishedGradleVersions - Gradle version information cache is out-of-date. Trying to update.
2018-07-14 19:00:47,308 [Worker-1] WARN  o.e.m.c.i.embedder.EclipseLogger - The artifact aspectj:aspectjweaver:jar:1.5.4 has been relocated to org.aspectj:aspectjweaver:jar:1.5.4
2018-07-14 19:00:47,804 [Worker-1] WARN  o.e.m.c.i.embedder.EclipseLogger - Using platform encoding (MS949 actually) to copy filtered resources, i.e. build is platform dependent!
2018-07-14 19:00:47,808 [Worker-1] INFO  o.e.m.c.i.embedder.EclipseLogger - Copying 4 resources
2018-07-14 19:00:47,821 [Worker-1] WARN  o.e.m.c.i.embedder.EclipseLogger - Using platform encoding (MS949 actually) to copy filtered resources, i.e. build is platform dependent!
2018-07-14 19:00:47,822 [Worker-1] INFO  o.e.m.c.i.embedder.EclipseLogger - Copying 1 resource
2018-07-14 19:04:13,869 [Worker-12] WARN  o.e.m.c.i.embedder.EclipseLogger - Using platform encoding (MS949 actually) to copy filtered resources, i.e. build is platform dependent!
2018-07-14 19:04:13,883 [Worker-12] INFO  o.e.m.c.i.embedder.EclipseLogger - Copying 4 resources
2018-07-14 19:04:13,889 [Worker-12] WARN  o.e.m.c.i.embedder.EclipseLogger - Using platform encoding (MS949 actually) to copy filtered resources, i.e. build is platform dependent!
2018-07-14 19:04:13,890 [Worker-12] INFO  o.e.m.c.i.embedder.EclipseLogger - Copying 1 resource
2018-07-14 19:04:13,893 [Worker-12] INFO  o.e.m.w.i.f.ResourceFilteringBuildParticipant - Changed resources require a complete clean of filtered resources of BoardProject
2018-07-14 19:04:13,894 [Worker-12] INFO  o.e.m.w.i.f.ResourceFilteringBuildParticipant - Executing resource filtering for BoardProject
2018-07-14 19:04:13,982 [Worker-12] WARN  o.e.m.c.i.embedder.EclipseLogger - Using platform encoding (MS949 actually) to copy filtered resources, i.e. build is platform dependent!
2018-07-14 19:05:07,611 [Worker-4] INFO  c.g.t.t.d.PublishedGradleVersions - Gradle version information cache is up-to-date. Trying to read.
2018-07-14 19:05:18,851 [Worker-13] WARN  o.e.m.c.i.embedder.EclipseLogger - The artifact aspectj:aspectjweaver:jar:1.5.4 has been relocated to org.aspectj:aspectjweaver:jar:1.5.4
2018-07-14 19:05:19,239 [Worker-13] WARN  o.e.m.c.i.embedder.EclipseLogger - Using platform encoding (MS949 actually) to copy filtered resources, i.e. build is platform dependent!
2018-07-14 19:05:19,248 [Worker-13] INFO  o.e.m.c.i.embedder.EclipseLogger - Copying 4 resources
2018-07-14 19:05:19,253 [Worker-13] WARN  o.e.m.c.i.embedder.EclipseLogger - Using platform encoding (MS949 actually) to copy filtered resources, i.e. build is platform dependent!
2018-07-14 19:05:19,256 [Worker-13] INFO  o.e.m.c.i.embedder.EclipseLogger - Copying 1 resource
2018-07-14 19:07:09,988 [Worker-7] WARN  o.e.m.c.i.embedder.EclipseLogger - Using platform encoding (MS949 actually) to copy filtered resources, i.e. build is platform dependent!
2018-07-14 19:07:09,999 [Worker-7] INFO  o.e.m.c.i.embedder.EclipseLogger - Copying 4 resources
2018-07-14 19:07:10,001 [Worker-7] WARN  o.e.m.c.i.embedder.EclipseLogger - Using platform encoding (MS949 actually) to copy filtered resources, i.e. build is platform dependent!
2018-07-14 19:07:10,002 [Worker-7] INFO  o.e.m.c.i.embedder.EclipseLogger - Copying 0 resource
2018-07-14 19:39:47,050 [Worker-55] WARN  o.e.m.c.i.embedder.EclipseLogger - Using platform encoding (MS949 actually) to copy filtered resources, i.e. build is platform dependent!
2018-07-14 19:39:47,245 [Worker-55] INFO  o.e.m.c.i.embedder.EclipseLogger - Copying 1 resource
2018-07-14 19:39:47,292 [Worker-55] WARN  o.e.m.c.i.embedder.EclipseLogger - Using platform encoding (MS949 actually) to copy filtered resources, i.e. build is platform dependent!
2018-07-14 19:39:47,295 [Worker-55] INFO  o.e.m.c.i.embedder.EclipseLogger - Copying 0 resource
2018-07-14 19:43:06,833 [Worker-58] WARN  o.e.m.c.i.embedder.EclipseLogger - Using platform encoding (MS949 actually) to copy filtered resources, i.e. build is platform dependent!
2018-07-14 19:43:06,834 [Worker-58] INFO  o.e.m.c.i.embedder.EclipseLogger - Copying 1 resource
2018-07-14 19:43:06,836 [Worker-58] WARN  o.e.m.c.i.embedder.EclipseLogger - Using platform encoding (MS949 actually) to copy filtered resources, i.e. build is platform dependent!
2018-07-14 19:43:06,837 [Worker-58] INFO  o.e.m.c.i.embedder.EclipseLogger - Copying 0 resource
2018-07-14 19:43:14,213 [Worker-73] WARN  o.e.m.c.i.embedder.EclipseLogger - Using platform encoding (MS949 actually) to copy filtered resources, i.e. build is platform dependent!
2018-07-14 19:43:14,215 [Worker-73] INFO  o.e.m.c.i.embedder.EclipseLogger - Copying 1 resource
2018-07-14 19:43:14,218 [Worker-73] WARN  o.e.m.c.i.embedder.EclipseLogger - Using platform encoding (MS949 actually) to copy filtered resources, i.e. build is platform dependent!
2018-07-14 19:43:14,219 [Worker-73] INFO  o.e.m.c.i.embedder.EclipseLogger - Copying 0 resource
2018-07-14 19:44:54,104 [Worker-84] WARN  o.e.m.c.i.embedder.EclipseLogger - Using platform encoding (MS949 actually) to copy filtered resources, i.e. build is platform dependent!
2018-07-14 19:44:54,106 [Worker-84] INFO  o.e.m.c.i.embedder.EclipseLogger - Copying 4 resources
2018-07-14 19:44:54,107 [Worker-84] WARN  o.e.m.c.i.embedder.EclipseLogger - Using platform encoding (MS949 actually) to copy filtered resources, i.e. build is platform dependent!
2018-07-14 19:44:54,108 [Worker-84] INFO  o.e.m.c.i.embedder.EclipseLogger - Copying 0 resource
2018-07-14 19:45:13,245 [Worker-79] WARN  o.e.m.c.i.embedder.EclipseLogger - Using platform encoding (MS949 actually) to copy filtered resources, i.e. build is platform dependent!
2018-07-14 19:45:13,248 [Worker-79] INFO  o.e.m.c.i.embedder.EclipseLogger - Copying 4 resources
2018-07-14 19:45:13,250 [Worker-79] WARN  o.e.m.c.i.embedder.EclipseLogger - Using platform encoding (MS949 actually) to copy filtered resources, i.e. build is platform dependent!
2018-07-14 19:45:13,251 [Worker-79] INFO  o.e.m.c.i.embedder.EclipseLogger - Copying 0 resource
2018-07-14 19:45:23,291 [Worker-81] WARN  o.e.m.c.i.embedder.EclipseLogger - Using platform encoding (MS949 actually) to copy filtered resources, i.e. build is platform dependent!
2018-07-14 19:45:23,292 [Worker-81] INFO  o.e.m.c.i.embedder.EclipseLogger - Copying 4 resources
2018-07-14 19:45:23,295 [Worker-81] WARN  o.e.m.c.i.embedder.EclipseLogger - Using platform encoding (MS949 actually) to copy filtered resources, i.e. build is platform dependent!
2018-07-14 19:45:23,296 [Worker-81] INFO  o.e.m.c.i.embedder.EclipseLogger - Copying 0 resource
2018-07-14 19:46:54,931 [Worker-86] WARN  o.e.m.c.i.embedder.EclipseLogger - Using platform encoding (MS949 actually) to copy filtered resources, i.e. build is platform dependent!
2018-07-14 19:46:54,932 [Worker-86] INFO  o.e.m.c.i.embedder.EclipseLogger - Copying 1 resource
2018-07-14 19:46:54,936 [Worker-86] WARN  o.e.m.c.i.embedder.EclipseLogger - Using platform encoding (MS949 actually) to copy filtered resources, i.e. build is platform dependent!
2018-07-14 19:46:54,937 [Worker-86] INFO  o.e.m.c.i.embedder.EclipseLogger - Copying 0 resource
2018-07-14 19:47:16,751 [Worker-73] WARN  o.e.m.c.i.embedder.EclipseLogger - Using platform encoding (MS949 actually) to copy filtered resources, i.e. build is platform dependent!
2018-07-14 19:47:16,752 [Worker-73] INFO  o.e.m.c.i.embedder.EclipseLogger - Copying 1 resource
2018-07-14 19:47:16,756 [Worker-73] WARN  o.e.m.c.i.embedder.EclipseLogger - Using platform encoding (MS949 actually) to copy filtered resources, i.e. build is platform dependent!
2018-07-14 19:47:16,757 [Worker-73] INFO  o.e.m.c.i.embedder.EclipseLogger - Copying 0 resource
2018-07-14 19:49:19,592 [Worker-101] WARN  o.e.m.c.i.embedder.EclipseLogger - Using platform encoding (MS949 actually) to copy filtered resources, i.e. build is platform dependent!
2018-07-14 19:49:19,594 [Worker-101] INFO  o.e.m.c.i.embedder.EclipseLogger - Copying 4 resources
2018-07-14 19:49:19,596 [Worker-101] WARN  o.e.m.c.i.embedder.EclipseLogger - Using platform encoding (MS949 actually) to copy filtered resources, i.e. build is platform dependent!
2018-07-14 19:49:19,597 [Worker-101] INFO  o.e.m.c.i.embedder.EclipseLogger - Copying 0 resource
2018-07-14 19:49:30,644 [Worker-58] WARN  o.e.m.c.i.embedder.EclipseLogger - Using platform encoding (MS949 actually) to copy filtered resources, i.e. build is platform dependent!
2018-07-14 19:49:30,645 [Worker-58] INFO  o.e.m.c.i.embedder.EclipseLogger - Copying 4 resources
2018-07-14 19:49:30,646 [Worker-58] WARN  o.e.m.c.i.embedder.EclipseLogger - Using platform encoding (MS949 actually) to copy filtered resources, i.e. build is platform dependent!
2018-07-14 19:49:30,647 [Worker-58] INFO  o.e.m.c.i.embedder.EclipseLogger - Copying 0 resource
2018-07-14 19:49:33,987 [Worker-73] WARN  o.e.m.c.i.embedder.EclipseLogger - Using platform encoding (MS949 actually) to copy filtered resources, i.e. build is platform dependent!
2018-07-14 19:49:33,989 [Worker-73] INFO  o.e.m.c.i.embedder.EclipseLogger - Copying 4 resources
2018-07-14 19:49:33,990 [Worker-73] WARN  o.e.m.c.i.embedder.EclipseLogger - Using platform encoding (MS949 actually) to copy filtered resources, i.e. build is platform dependent!
2018-07-14 19:49:33,991 [Worker-73] INFO  o.e.m.c.i.embedder.EclipseLogger - Copying 0 resource
2018-07-14 19:52:52,686 [Worker-86] WARN  o.e.m.c.i.embedder.EclipseLogger - Using platform encoding (MS949 actually) to copy filtered resources, i.e. build is platform dependent!
2018-07-14 19:52:52,687 [Worker-86] INFO  o.e.m.c.i.embedder.EclipseLogger - Copying 0 resource
2018-07-14 19:52:52,688 [Worker-86] WARN  o.e.m.c.i.embedder.EclipseLogger - Using platform encoding (MS949 actually) to copy filtered resources, i.e. build is platform dependent!
2018-07-14 19:52:52,690 [Worker-86] INFO  o.e.m.c.i.embedder.EclipseLogger - Copying 0 resource
2018-07-14 19:55:21,734 [Worker-104] WARN  o.e.m.c.i.embedder.EclipseLogger - Using platform encoding (MS949 actually) to copy filtered resources, i.e. build is platform dependent!
2018-07-14 19:55:21,735 [Worker-104] INFO  o.e.m.c.i.embedder.EclipseLogger - Copying 0 resource
2018-07-14 19:55:21,737 [Worker-104] WARN  o.e.m.c.i.embedder.EclipseLogger - Using platform encoding (MS949 actually) to copy filtered resources, i.e. build is platform dependent!
2018-07-14 19:55:21,738 [Worker-104] INFO  o.e.m.c.i.embedder.EclipseLogger - Copying 0 resource
2018-07-14 19:57:21,761 [Worker-103] WARN  o.e.m.c.i.embedder.EclipseLogger - Using platform encoding (MS949 actually) to copy filtered resources, i.e. build is platform dependent!
2018-07-14 19:57:21,762 [Worker-103] INFO  o.e.m.c.i.embedder.EclipseLogger - Copying 0 resource
2018-07-14 19:57:21,764 [Worker-103] WARN  o.e.m.c.i.embedder.EclipseLogger - Using platform encoding (MS949 actually) to copy filtered resources, i.e. build is platform dependent!
2018-07-14 19:57:21,765 [Worker-103] INFO  o.e.m.c.i.embedder.EclipseLogger - Copying 0 resource
2018-07-14 19:57:28,247 [Worker-96] WARN  o.e.m.c.i.embedder.EclipseLogger - Using platform encoding (MS949 actually) to copy filtered resources, i.e. build is platform dependent!
2018-07-14 19:57:28,248 [Worker-96] INFO  o.e.m.c.i.embedder.EclipseLogger - Copying 0 resource
2018-07-14 19:57:28,249 [Worker-96] WARN  o.e.m.c.i.embedder.EclipseLogger - Using platform encoding (MS949 actually) to copy filtered resources, i.e. build is platform dependent!
2018-07-14 19:57:28,250 [Worker-96] INFO  o.e.m.c.i.embedder.EclipseLogger - Copying 0 resource
2018-07-14 19:57:37,471 [Worker-96] WARN  o.e.m.c.i.embedder.EclipseLogger - Using platform encoding (MS949 actually) to copy filtered resources, i.e. build is platform dependent!
2018-07-14 19:57:37,472 [Worker-96] INFO  o.e.m.c.i.embedder.EclipseLogger - Copying 0 resource
2018-07-14 19:57:37,476 [Worker-96] WARN  o.e.m.c.i.embedder.EclipseLogger - Using platform encoding (MS949 actually) to copy filtered resources, i.e. build is platform dependent!
2018-07-14 19:57:37,477 [Worker-96] INFO  o.e.m.c.i.embedder.EclipseLogger - Copying 0 resource
2018-07-14 19:57:57,423 [Worker-103] WARN  o.e.m.c.i.embedder.EclipseLogger - Using platform encoding (MS949 actually) to copy filtered resources, i.e. build is platform dependent!
2018-07-14 19:57:57,425 [Worker-103] INFO  o.e.m.c.i.embedder.EclipseLogger - Copying 0 resource
2018-07-14 19:57:57,427 [Worker-103] WARN  o.e.m.c.i.embedder.EclipseLogger - Using platform encoding (MS949 actually) to copy filtered resources, i.e. build is platform dependent!
2018-07-14 19:57:57,428 [Worker-103] INFO  o.e.m.c.i.embedder.EclipseLogger - Copying 0 resource
2018-07-14 19:58:37,278 [Worker-105] WARN  o.e.m.c.i.embedder.EclipseLogger - Using platform encoding (MS949 actually) to copy filtered resources, i.e. build is platform dependent!
2018-07-14 19:58:37,280 [Worker-105] INFO  o.e.m.c.i.embedder.EclipseLogger - Copying 0 resource
2018-07-14 19:58:37,281 [Worker-105] WARN  o.e.m.c.i.embedder.EclipseLogger - Using platform encoding (MS949 actually) to copy filtered resources, i.e. build is platform dependent!
2018-07-14 19:58:37,282 [Worker-105] INFO  o.e.m.c.i.embedder.EclipseLogger - Copying 0 resource
2018-07-14 19:59:03,502 [Worker-96] WARN  o.e.m.c.i.embedder.EclipseLogger - Using platform encoding (MS949 actually) to copy filtered resources, i.e. build is platform dependent!
2018-07-14 19:59:03,502 [Worker-96] INFO  o.e.m.c.i.embedder.EclipseLogger - Copying 0 resource
2018-07-14 19:59:03,504 [Worker-96] WARN  o.e.m.c.i.embedder.EclipseLogger - Using platform encoding (MS949 actually) to copy filtered resources, i.e. build is platform dependent!
2018-07-14 19:59:03,505 [Worker-96] INFO  o.e.m.c.i.embedder.EclipseLogger - Copying 0 resource
2018-07-14 19:59:08,310 [Worker-103] WARN  o.e.m.c.i.embedder.EclipseLogger - Using platform encoding (MS949 actually) to copy filtered resources, i.e. build is platform dependent!
2018-07-14 19:59:08,311 [Worker-103] INFO  o.e.m.c.i.embedder.EclipseLogger - Copying 0 resource
2018-07-14 19:59:08,313 [Worker-103] WARN  o.e.m.c.i.embedder.EclipseLogger - Using platform encoding (MS949 actually) to copy filtered resources, i.e. build is platform dependent!
2018-07-14 19:59:08,314 [Worker-103] INFO  o.e.m.c.i.embedder.EclipseLogger - Copying 0 resource
2018-07-14 19:59:31,002 [Worker-103] WARN  o.e.m.c.i.embedder.EclipseLogger - Using platform encoding (MS949 actually) to copy filtered resources, i.e. build is platform dependent!
2018-07-14 19:59:31,004 [Worker-103] INFO  o.e.m.c.i.embedder.EclipseLogger - Copying 0 resource
2018-07-14 19:59:31,005 [Worker-103] WARN  o.e.m.c.i.embedder.EclipseLogger - Using platform encoding (MS949 actually) to copy filtered resources, i.e. build is platform dependent!
2018-07-14 19:59:31,007 [Worker-103] INFO  o.e.m.c.i.embedder.EclipseLogger - Copying 0 resource
2018-07-14 19:59:59,317 [Worker-106] WARN  o.e.m.c.i.embedder.EclipseLogger - Using platform encoding (MS949 actually) to copy filtered resources, i.e. build is platform dependent!
2018-07-14 19:59:59,318 [Worker-106] INFO  o.e.m.c.i.embedder.EclipseLogger - Copying 0 resource
2018-07-14 19:59:59,319 [Worker-106] WARN  o.e.m.c.i.embedder.EclipseLogger - Using platform encoding (MS949 actually) to copy filtered resources, i.e. build is platform dependent!
2018-07-14 19:59:59,320 [Worker-106] INFO  o.e.m.c.i.embedder.EclipseLogger - Copying 0 resource
2018-07-14 20:00:02,911 [Worker-86] WARN  o.e.m.c.i.embedder.EclipseLogger - Using platform encoding (MS949 actually) to copy filtered resources, i.e. build is platform dependent!
2018-07-14 20:00:02,912 [Worker-86] INFO  o.e.m.c.i.embedder.EclipseLogger - Copying 0 resource
2018-07-14 20:00:02,913 [Worker-86] WARN  o.e.m.c.i.embedder.EclipseLogger - Using platform encoding (MS949 actually) to copy filtered resources, i.e. build is platform dependent!
2018-07-14 20:00:02,914 [Worker-86] INFO  o.e.m.c.i.embedder.EclipseLogger - Copying 0 resource
2018-07-14 20:00:07,990 [Worker-96] WARN  o.e.m.c.i.embedder.EclipseLogger - Using platform encoding (MS949 actually) to copy filtered resources, i.e. build is platform dependent!
2018-07-14 20:00:07,992 [Worker-96] INFO  o.e.m.c.i.embedder.EclipseLogger - Copying 0 resource
2018-07-14 20:00:07,993 [Worker-96] WARN  o.e.m.c.i.embedder.EclipseLogger - Using platform encoding (MS949 actually) to copy filtered resources, i.e. build is platform dependent!
2018-07-14 20:00:07,994 [Worker-96] INFO  o.e.m.c.i.embedder.EclipseLogger - Copying 0 resource
2018-07-14 20:00:25,364 [Worker-96] WARN  o.e.m.c.i.embedder.EclipseLogger - Using platform encoding (MS949 actually) to copy filtered resources, i.e. build is platform dependent!
2018-07-14 20:00:25,365 [Worker-96] INFO  o.e.m.c.i.embedder.EclipseLogger - Copying 0 resource
2018-07-14 20:00:25,366 [Worker-96] WARN  o.e.m.c.i.embedder.EclipseLogger - Using platform encoding (MS949 actually) to copy filtered resources, i.e. build is platform dependent!
2018-07-14 20:00:25,367 [Worker-96] INFO  o.e.m.c.i.embedder.EclipseLogger - Copying 0 resource
2018-07-14 20:00:39,835 [Worker-104] WARN  o.e.m.c.i.embedder.EclipseLogger - Using platform encoding (MS949 actually) to copy filtered resources, i.e. build is platform dependent!
2018-07-14 20:00:39,836 [Worker-104] INFO  o.e.m.c.i.embedder.EclipseLogger - Copying 0 resource
2018-07-14 20:00:39,837 [Worker-104] WARN  o.e.m.c.i.embedder.EclipseLogger - Using platform encoding (MS949 actually) to copy filtered resources, i.e. build is platform dependent!
2018-07-14 20:00:39,838 [Worker-104] INFO  o.e.m.c.i.embedder.EclipseLogger - Copying 0 resource
2018-07-14 20:01:43,776 [Worker-103] WARN  o.e.m.c.i.embedder.EclipseLogger - Using platform encoding (MS949 actually) to copy filtered resources, i.e. build is platform dependent!
2018-07-14 20:01:43,777 [Worker-103] INFO  o.e.m.c.i.embedder.EclipseLogger - Copying 0 resource
2018-07-14 20:01:43,778 [Worker-103] WARN  o.e.m.c.i.embedder.EclipseLogger - Using platform encoding (MS949 actually) to copy filtered resources, i.e. build is platform dependent!
2018-07-14 20:01:43,780 [Worker-103] INFO  o.e.m.c.i.embedder.EclipseLogger - Copying 0 resource
2018-07-14 20:01:48,821 [Worker-106] WARN  o.e.m.c.i.embedder.EclipseLogger - Using platform encoding (MS949 actually) to copy filtered resources, i.e. build is platform dependent!
2018-07-14 20:01:48,822 [Worker-106] INFO  o.e.m.c.i.embedder.EclipseLogger - Copying 0 resource
2018-07-14 20:01:48,824 [Worker-106] WARN  o.e.m.c.i.embedder.EclipseLogger - Using platform encoding (MS949 actually) to copy filtered resources, i.e. build is platform dependent!
2018-07-14 20:01:48,825 [Worker-106] INFO  o.e.m.c.i.embedder.EclipseLogger - Copying 0 resource
2018-07-14 20:02:17,171 [Worker-82] WARN  o.e.m.c.i.embedder.EclipseLogger - Using platform encoding (MS949 actually) to copy filtered resources, i.e. build is platform dependent!
2018-07-14 20:02:17,172 [Worker-82] INFO  o.e.m.c.i.embedder.EclipseLogger - Copying 0 resource
2018-07-14 20:02:17,173 [Worker-82] WARN  o.e.m.c.i.embedder.EclipseLogger - Using platform encoding (MS949 actually) to copy filtered resources, i.e. build is platform dependent!
2018-07-14 20:02:17,174 [Worker-82] INFO  o.e.m.c.i.embedder.EclipseLogger - Copying 0 resource
2018-07-14 20:02:33,621 [Worker-86] WARN  o.e.m.c.i.embedder.EclipseLogger - Using platform encoding (MS949 actually) to copy filtered resources, i.e. build is platform dependent!
2018-07-14 20:02:33,623 [Worker-86] INFO  o.e.m.c.i.embedder.EclipseLogger - Copying 0 resource
2018-07-14 20:02:33,624 [Worker-86] WARN  o.e.m.c.i.embedder.EclipseLogger - Using platform encoding (MS949 actually) to copy filtered resources, i.e. build is platform dependent!
2018-07-14 20:02:33,625 [Worker-86] INFO  o.e.m.c.i.embedder.EclipseLogger - Copying 0 resource
2018-07-14 20:03:01,507 [Worker-107] WARN  o.e.m.c.i.embedder.EclipseLogger - Using platform encoding (MS949 actually) to copy filtered resources, i.e. build is platform dependent!
2018-07-14 20:03:01,508 [Worker-107] INFO  o.e.m.c.i.embedder.EclipseLogger - Copying 0 resource
2018-07-14 20:03:01,509 [Worker-107] WARN  o.e.m.c.i.embedder.EclipseLogger - Using platform encoding (MS949 actually) to copy filtered resources, i.e. build is platform dependent!
2018-07-14 20:03:01,511 [Worker-107] INFO  o.e.m.c.i.embedder.EclipseLogger - Copying 0 resource
2018-07-14 20:03:06,319 [Worker-107] WARN  o.e.m.c.i.embedder.EclipseLogger - Using platform encoding (MS949 actually) to copy filtered resources, i.e. build is platform dependent!
2018-07-14 20:03:06,320 [Worker-107] INFO  o.e.m.c.i.embedder.EclipseLogger - Copying 0 resource
2018-07-14 20:03:06,321 [Worker-107] WARN  o.e.m.c.i.embedder.EclipseLogger - Using platform encoding (MS949 actually) to copy filtered resources, i.e. build is platform dependent!
2018-07-14 20:03:06,322 [Worker-107] INFO  o.e.m.c.i.embedder.EclipseLogger - Copying 0 resource
2018-07-14 20:03:07,489 [Worker-105] WARN  o.e.m.c.i.embedder.EclipseLogger - Using platform encoding (MS949 actually) to copy filtered resources, i.e. build is platform dependent!
2018-07-14 20:03:07,490 [Worker-105] INFO  o.e.m.c.i.embedder.EclipseLogger - Copying 0 resource
2018-07-14 20:03:07,492 [Worker-105] WARN  o.e.m.c.i.embedder.EclipseLogger - Using platform encoding (MS949 actually) to copy filtered resources, i.e. build is platform dependent!
2018-07-14 20:03:07,493 [Worker-105] INFO  o.e.m.c.i.embedder.EclipseLogger - Copying 0 resource
2018-07-14 20:03:48,596 [Worker-103] WARN  o.e.m.c.i.embedder.EclipseLogger - Using platform encoding (MS949 actually) to copy filtered resources, i.e. build is platform dependent!
2018-07-14 20:03:48,597 [Worker-103] INFO  o.e.m.c.i.embedder.EclipseLogger - Copying 0 resource
2018-07-14 20:03:48,599 [Worker-103] WARN  o.e.m.c.i.embedder.EclipseLogger - Using platform encoding (MS949 actually) to copy filtered resources, i.e. build is platform dependent!
2018-07-14 20:03:48,600 [Worker-103] INFO  o.e.m.c.i.embedder.EclipseLogger - Copying 0 resource
2018-07-14 20:04:22,644 [Worker-96] WARN  o.e.m.c.i.embedder.EclipseLogger - Using platform encoding (MS949 actually) to copy filtered resources, i.e. build is platform dependent!
2018-07-14 20:04:22,645 [Worker-96] INFO  o.e.m.c.i.embedder.EclipseLogger - Copying 0 resource
2018-07-14 20:04:22,646 [Worker-96] WARN  o.e.m.c.i.embedder.EclipseLogger - Using platform encoding (MS949 actually) to copy filtered resources, i.e. build is platform dependent!
2018-07-14 20:04:22,646 [Worker-96] INFO  o.e.m.c.i.embedder.EclipseLogger - Copying 0 resource
2018-07-14 20:04:56,171 [Worker-107] WARN  o.e.m.c.i.embedder.EclipseLogger - Using platform encoding (MS949 actually) to copy filtered resources, i.e. build is platform dependent!
2018-07-14 20:04:56,173 [Worker-107] INFO  o.e.m.c.i.embedder.EclipseLogger - Copying 4 resources
2018-07-14 20:04:56,175 [Worker-107] WARN  o.e.m.c.i.embedder.EclipseLogger - Using platform encoding (MS949 actually) to copy filtered resources, i.e. build is platform dependent!
2018-07-14 20:04:56,176 [Worker-107] INFO  o.e.m.c.i.embedder.EclipseLogger - Copying 0 resource
2018-07-14 20:06:02,438 [Worker-105] WARN  o.e.m.c.i.embedder.EclipseLogger - Using platform encoding (MS949 actually) to copy filtered resources, i.e. build is platform dependent!
2018-07-14 20:06:02,439 [Worker-105] INFO  o.e.m.c.i.embedder.EclipseLogger - Copying 0 resource
2018-07-14 20:06:02,440 [Worker-105] WARN  o.e.m.c.i.embedder.EclipseLogger - Using platform encoding (MS949 actually) to copy filtered resources, i.e. build is platform dependent!
2018-07-14 20:06:02,441 [Worker-105] INFO  o.e.m.c.i.embedder.EclipseLogger - Copying 0 resource
2018-07-14 20:06:54,212 [Worker-96] WARN  o.e.m.c.i.embedder.EclipseLogger - Using platform encoding (MS949 actually) to copy filtered resources, i.e. build is platform dependent!
2018-07-14 20:06:54,213 [Worker-96] INFO  o.e.m.c.i.embedder.EclipseLogger - Copying 0 resource
2018-07-14 20:06:54,214 [Worker-96] WARN  o.e.m.c.i.embedder.EclipseLogger - Using platform encoding (MS949 actually) to copy filtered resources, i.e. build is platform dependent!
2018-07-14 20:06:54,215 [Worker-96] INFO  o.e.m.c.i.embedder.EclipseLogger - Copying 0 resource
2018-07-14 20:08:57,555 [Worker-86] WARN  o.e.m.c.i.embedder.EclipseLogger - Using platform encoding (MS949 actually) to copy filtered resources, i.e. build is platform dependent!
2018-07-14 20:08:57,687 [Worker-86] INFO  o.e.m.c.i.embedder.EclipseLogger - Copying 0 resource
2018-07-14 20:08:57,688 [Worker-86] WARN  o.e.m.c.i.embedder.EclipseLogger - Using platform encoding (MS949 actually) to copy filtered resources, i.e. build is platform dependent!
2018-07-14 20:08:57,689 [Worker-86] INFO  o.e.m.c.i.embedder.EclipseLogger - Copying 0 resource
2018-07-14 20:09:12,239 [Worker-108] WARN  o.e.m.c.i.embedder.EclipseLogger - Using platform encoding (MS949 actually) to copy filtered resources, i.e. build is platform dependent!
2018-07-14 20:09:12,240 [Worker-108] INFO  o.e.m.c.i.embedder.EclipseLogger - Copying 0 resource
2018-07-14 20:09:12,241 [Worker-108] WARN  o.e.m.c.i.embedder.EclipseLogger - Using platform encoding (MS949 actually) to copy filtered resources, i.e. build is platform dependent!
2018-07-14 20:09:12,242 [Worker-108] INFO  o.e.m.c.i.embedder.EclipseLogger - Copying 0 resource
2018-07-14 20:10:31,871 [Worker-86] WARN  o.e.m.c.i.embedder.EclipseLogger - Using platform encoding (MS949 actually) to copy filtered resources, i.e. build is platform dependent!
2018-07-14 20:10:31,872 [Worker-86] INFO  o.e.m.c.i.embedder.EclipseLogger - Copying 0 resource
2018-07-14 20:10:31,873 [Worker-86] WARN  o.e.m.c.i.embedder.EclipseLogger - Using platform encoding (MS949 actually) to copy filtered resources, i.e. build is platform dependent!
2018-07-14 20:10:31,874 [Worker-86] INFO  o.e.m.c.i.embedder.EclipseLogger - Copying 0 resource
2018-07-14 20:13:42,055 [Worker-110] WARN  o.e.m.c.i.embedder.EclipseLogger - Using platform encoding (MS949 actually) to copy filtered resources, i.e. build is platform dependent!
2018-07-14 20:13:42,056 [Worker-110] INFO  o.e.m.c.i.embedder.EclipseLogger - Copying 0 resource
2018-07-14 20:13:42,058 [Worker-110] WARN  o.e.m.c.i.embedder.EclipseLogger - Using platform encoding (MS949 actually) to copy filtered resources, i.e. build is platform dependent!
2018-07-14 20:13:42,059 [Worker-110] INFO  o.e.m.c.i.embedder.EclipseLogger - Copying 0 resource
2018-07-14 20:13:56,182 [Worker-111] WARN  o.e.m.c.i.embedder.EclipseLogger - Using platform encoding (MS949 actually) to copy filtered resources, i.e. build is platform dependent!
2018-07-14 20:13:56,183 [Worker-111] INFO  o.e.m.c.i.embedder.EclipseLogger - Copying 0 resource
2018-07-14 20:13:56,184 [Worker-111] WARN  o.e.m.c.i.embedder.EclipseLogger - Using platform encoding (MS949 actually) to copy filtered resources, i.e. build is platform dependent!
2018-07-14 20:13:56,185 [Worker-111] INFO  o.e.m.c.i.embedder.EclipseLogger - Copying 0 resource
2018-07-14 20:14:03,526 [Worker-111] WARN  o.e.m.c.i.embedder.EclipseLogger - Using platform encoding (MS949 actually) to copy filtered resources, i.e. build is platform dependent!
2018-07-14 20:14:03,546 [Worker-111] INFO  o.e.m.c.i.embedder.EclipseLogger - Copying 0 resource
2018-07-14 20:14:03,547 [Worker-111] WARN  o.e.m.c.i.embedder.EclipseLogger - Using platform encoding (MS949 actually) to copy filtered resources, i.e. build is platform dependent!
2018-07-14 20:14:03,548 [Worker-111] INFO  o.e.m.c.i.embedder.EclipseLogger - Copying 0 resource
2018-07-14 20:14:07,693 [Worker-111] WARN  o.e.m.c.i.embedder.EclipseLogger - Using platform encoding (MS949 actually) to copy filtered resources, i.e. build is platform dependent!
2018-07-14 20:14:07,695 [Worker-111] INFO  o.e.m.c.i.embedder.EclipseLogger - Copying 0 resource
2018-07-14 20:14:07,697 [Worker-111] WARN  o.e.m.c.i.embedder.EclipseLogger - Using platform encoding (MS949 actually) to copy filtered resources, i.e. build is platform dependent!
2018-07-14 20:14:07,698 [Worker-111] INFO  o.e.m.c.i.embedder.EclipseLogger - Copying 0 resource
2018-07-14 20:16:42,609 [Worker-96] WARN  o.e.m.c.i.embedder.EclipseLogger - Using platform encoding (MS949 actually) to copy filtered resources, i.e. build is platform dependent!
2018-07-14 20:16:42,610 [Worker-96] INFO  o.e.m.c.i.embedder.EclipseLogger - Copying 0 resource
2018-07-14 20:16:42,611 [Worker-96] WARN  o.e.m.c.i.embedder.EclipseLogger - Using platform encoding (MS949 actually) to copy filtered resources, i.e. build is platform dependent!
2018-07-14 20:16:42,612 [Worker-96] INFO  o.e.m.c.i.embedder.EclipseLogger - Copying 0 resource
2018-07-14 20:18:54,953 [Worker-113] WARN  o.e.m.c.i.embedder.EclipseLogger - Using platform encoding (MS949 actually) to copy filtered resources, i.e. build is platform dependent!
2018-07-14 20:18:54,955 [Worker-113] INFO  o.e.m.c.i.embedder.EclipseLogger - Copying 4 resources
2018-07-14 20:18:54,957 [Worker-113] WARN  o.e.m.c.i.embedder.EclipseLogger - Using platform encoding (MS949 actually) to copy filtered resources, i.e. build is platform dependent!
2018-07-14 20:18:54,958 [Worker-113] INFO  o.e.m.c.i.embedder.EclipseLogger - Copying 0 resource
2018-07-14 20:21:08,891 [Worker-117] WARN  o.e.m.c.i.embedder.EclipseLogger - Using platform encoding (MS949 actually) to copy filtered resources, i.e. build is platform dependent!
2018-07-14 20:21:08,893 [Worker-117] INFO  o.e.m.c.i.embedder.EclipseLogger - Copying 1 resource
2018-07-14 20:21:08,895 [Worker-117] WARN  o.e.m.c.i.embedder.EclipseLogger - Using platform encoding (MS949 actually) to copy filtered resources, i.e. build is platform dependent!
2018-07-14 20:21:08,897 [Worker-117] INFO  o.e.m.c.i.embedder.EclipseLogger - Copying 0 resource
2018-07-14 20:27:35,079 [Worker-129] WARN  o.e.m.c.i.embedder.EclipseLogger - Using platform encoding (MS949 actually) to copy filtered resources, i.e. build is platform dependent!
2018-07-14 20:27:35,080 [Worker-129] INFO  o.e.m.c.i.embedder.EclipseLogger - Copying 4 resources
2018-07-14 20:27:35,082 [Worker-129] WARN  o.e.m.c.i.embedder.EclipseLogger - Using platform encoding (MS949 actually) to copy filtered resources, i.e. build is platform dependent!
2018-07-14 20:27:35,083 [Worker-129] INFO  o.e.m.c.i.embedder.EclipseLogger - Copying 0 resource
2018-07-14 20:27:37,169 [Worker-117] WARN  o.e.m.c.i.embedder.EclipseLogger - Using platform encoding (MS949 actually) to copy filtered resources, i.e. build is platform dependent!
2018-07-14 20:27:37,170 [Worker-117] INFO  o.e.m.c.i.embedder.EclipseLogger - Copying 4 resources
2018-07-14 20:27:37,171 [Worker-117] WARN  o.e.m.c.i.embedder.EclipseLogger - Using platform encoding (MS949 actually) to copy filtered resources, i.e. build is platform dependent!
2018-07-14 20:27:37,172 [Worker-117] INFO  o.e.m.c.i.embedder.EclipseLogger - Copying 0 resource
2018-07-14 20:29:34,684 [Worker-125] WARN  o.e.m.c.i.embedder.EclipseLogger - Using platform encoding (MS949 actually) to copy filtered resources, i.e. build is platform dependent!
2018-07-14 20:29:34,685 [Worker-125] INFO  o.e.m.c.i.embedder.EclipseLogger - Copying 1 resource
2018-07-14 20:29:34,688 [Worker-125] WARN  o.e.m.c.i.embedder.EclipseLogger - Using platform encoding (MS949 actually) to copy filtered resources, i.e. build is platform dependent!
2018-07-14 20:29:34,688 [Worker-125] INFO  o.e.m.c.i.embedder.EclipseLogger - Copying 0 resource
2018-07-14 20:29:48,420 [Worker-131] WARN  o.e.m.c.i.embedder.EclipseLogger - Using platform encoding (MS949 actually) to copy filtered resources, i.e. build is platform dependent!
2018-07-14 20:29:48,422 [Worker-131] INFO  o.e.m.c.i.embedder.EclipseLogger - Copying 1 resource
2018-07-14 20:29:48,424 [Worker-131] WARN  o.e.m.c.i.embedder.EclipseLogger - Using platform encoding (MS949 actually) to copy filtered resources, i.e. build is platform dependent!
2018-07-14 20:29:48,426 [Worker-131] INFO  o.e.m.c.i.embedder.EclipseLogger - Copying 0 resource
2018-07-14 20:34:51,604 [Worker-136] WARN  o.e.m.c.i.embedder.EclipseLogger - Using platform encoding (MS949 actually) to copy filtered resources, i.e. build is platform dependent!
2018-07-14 20:34:51,605 [Worker-136] INFO  o.e.m.c.i.embedder.EclipseLogger - Copying 0 resource
2018-07-14 20:34:51,606 [Worker-136] WARN  o.e.m.c.i.embedder.EclipseLogger - Using platform encoding (MS949 actually) to copy filtered resources, i.e. build is platform dependent!
2018-07-14 20:34:51,607 [Worker-136] INFO  o.e.m.c.i.embedder.EclipseLogger - Copying 0 resource
2018-07-14 20:35:14,292 [Worker-125] WARN  o.e.m.c.i.embedder.EclipseLogger - Using platform encoding (MS949 actually) to copy filtered resources, i.e. build is platform dependent!
2018-07-14 20:35:14,293 [Worker-125] INFO  o.e.m.c.i.embedder.EclipseLogger - Copying 0 resource
2018-07-14 20:35:14,294 [Worker-125] WARN  o.e.m.c.i.embedder.EclipseLogger - Using platform encoding (MS949 actually) to copy filtered resources, i.e. build is platform dependent!
2018-07-14 20:35:14,295 [Worker-125] INFO  o.e.m.c.i.embedder.EclipseLogger - Copying 0 resource
2018-07-14 20:35:44,507 [Worker-137] WARN  o.e.m.c.i.embedder.EclipseLogger - Using platform encoding (MS949 actually) to copy filtered resources, i.e. build is platform dependent!
2018-07-14 20:35:44,508 [Worker-137] INFO  o.e.m.c.i.embedder.EclipseLogger - Copying 0 resource
2018-07-14 20:35:44,508 [Worker-137] WARN  o.e.m.c.i.embedder.EclipseLogger - Using platform encoding (MS949 actually) to copy filtered resources, i.e. build is platform dependent!
2018-07-14 20:35:44,509 [Worker-137] INFO  o.e.m.c.i.embedder.EclipseLogger - Copying 0 resource
2018-07-14 20:38:55,995 [Worker-125] WARN  o.e.m.c.i.embedder.EclipseLogger - Using platform encoding (MS949 actually) to copy filtered resources, i.e. build is platform dependent!
2018-07-14 20:38:56,338 [Worker-125] INFO  o.e.m.c.i.embedder.EclipseLogger - Copying 1 resource
2018-07-14 20:38:56,410 [Worker-125] WARN  o.e.m.c.i.embedder.EclipseLogger - Using platform encoding (MS949 actually) to copy filtered resources, i.e. build is platform dependent!
2018-07-14 20:38:56,411 [Worker-125] INFO  o.e.m.c.i.embedder.EclipseLogger - Copying 0 resource
2018-07-14 20:45:07,085 [Worker-146] WARN  o.e.m.c.i.embedder.EclipseLogger - Using platform encoding (MS949 actually) to copy filtered resources, i.e. build is platform dependent!
2018-07-14 20:45:07,086 [Worker-146] INFO  o.e.m.c.i.embedder.EclipseLogger - Copying 0 resource
2018-07-14 20:45:07,087 [Worker-146] WARN  o.e.m.c.i.embedder.EclipseLogger - Using platform encoding (MS949 actually) to copy filtered resources, i.e. build is platform dependent!
2018-07-14 20:45:07,088 [Worker-146] INFO  o.e.m.c.i.embedder.EclipseLogger - Copying 0 resource
2018-07-14 21:19:17,251 [Worker-162] WARN  o.e.m.c.i.embedder.EclipseLogger - Using platform encoding (MS949 actually) to copy filtered resources, i.e. build is platform dependent!
2018-07-14 21:19:17,446 [Worker-162] INFO  o.e.m.c.i.embedder.EclipseLogger - Copying 0 resource
2018-07-14 21:19:17,450 [Worker-162] WARN  o.e.m.c.i.embedder.EclipseLogger - Using platform encoding (MS949 actually) to copy filtered resources, i.e. build is platform dependent!
2018-07-14 21:19:17,453 [Worker-162] INFO  o.e.m.c.i.embedder.EclipseLogger - Copying 0 resource
2018-07-14 21:20:12,730 [Worker-164] INFO  o.e.m.w.i.f.ResourceFilteringBuildParticipant - Cleaning filtered folder for BoardProject
2018-07-14 21:20:13,366 [Worker-159] WARN  o.e.m.c.i.embedder.EclipseLogger - Using platform encoding (MS949 actually) to copy filtered resources, i.e. build is platform dependent!
2018-07-14 21:20:13,368 [Worker-159] INFO  o.e.m.c.i.embedder.EclipseLogger - Copying 4 resources
2018-07-14 21:20:13,444 [Worker-159] WARN  o.e.m.c.i.embedder.EclipseLogger - Using platform encoding (MS949 actually) to copy filtered resources, i.e. build is platform dependent!
2018-07-14 21:20:13,445 [Worker-159] INFO  o.e.m.c.i.embedder.EclipseLogger - Copying 1 resource
2018-07-14 21:20:13,474 [Worker-159] INFO  o.e.m.w.i.f.ResourceFilteringBuildParticipant - Changed resources require a complete clean of filtered resources of BoardProject
2018-07-14 21:20:13,477 [Worker-159] INFO  o.e.m.w.i.f.ResourceFilteringBuildParticipant - Executing resource filtering for BoardProject
2018-07-14 21:20:13,654 [Worker-159] WARN  o.e.m.c.i.embedder.EclipseLogger - Using platform encoding (MS949 actually) to copy filtered resources, i.e. build is platform dependent!
2018-07-14 21:26:13,081 [Worker-174] INFO  o.e.m.c.i.e.AbstractTransferListenerAdapter - Downloading https://repo.maven.apache.org/maven2/org/springframework/spring-web/4.1.7.RELEASE/spring-web-4.1.7.RELEASE-sources.jar
2018-07-14 21:26:14,179 [Worker-174] INFO  o.e.m.c.i.e.AbstractTransferListenerAdapter - Downloaded https://repo.maven.apache.org/maven2/org/springframework/spring-web/4.1.7.RELEASE/spring-web-4.1.7.RELEASE-sources.jar
2018-07-14 21:26:14,413 [Worker-174] INFO  o.e.m.j.internal.DownloadSourcesJob - Downloaded sources for org.springframework:spring-web:4.1.7.RELEASE
2018-07-14 21:26:15,759 [Worker-165] WARN  o.e.m.c.i.embedder.EclipseLogger - Using platform encoding (MS949 actually) to copy filtered resources, i.e. build is platform dependent!
2018-07-14 21:26:15,760 [Worker-165] INFO  o.e.m.c.i.embedder.EclipseLogger - Copying 0 resource
2018-07-14 21:26:15,762 [Worker-165] WARN  o.e.m.c.i.embedder.EclipseLogger - Using platform encoding (MS949 actually) to copy filtered resources, i.e. build is platform dependent!
2018-07-14 21:26:15,763 [Worker-165] INFO  o.e.m.c.i.embedder.EclipseLogger - Copying 0 resource
2018-07-14 22:16:03,983 [Worker-6] INFO  c.g.t.t.d.PublishedGradleVersions - Gradle version information cache is up-to-date. Trying to read.
2018-07-14 22:16:09,151 [Worker-0] WARN  o.e.m.c.i.embedder.EclipseLogger - The artifact aspectj:aspectjweaver:jar:1.5.4 has been relocated to org.aspectj:aspectjweaver:jar:1.5.4
2018-07-14 22:16:09,572 [Worker-0] WARN  o.e.m.c.i.embedder.EclipseLogger - Using platform encoding (MS949 actually) to copy filtered resources, i.e. build is platform dependent!
2018-07-14 22:16:09,577 [Worker-0] INFO  o.e.m.c.i.embedder.EclipseLogger - Copying 4 resources
2018-07-14 22:16:09,584 [Worker-0] WARN  o.e.m.c.i.embedder.EclipseLogger - Using platform encoding (MS949 actually) to copy filtered resources, i.e. build is platform dependent!
2018-07-14 22:16:09,585 [Worker-0] INFO  o.e.m.c.i.embedder.EclipseLogger - Copying 1 resource
